<?xml version="1.0" encoding="UTF-8"?>
<!-- Generated by org.testng.reporters.JUnitXMLReporter -->
<testsuite ignored="0" hostname="LIN-5CD5329MXQ" failures="0" tests="5" name="Test" time="9.508" errors="0" timestamp="2025-10-17T17:26:51 IST">
  <testcase classname="new1.Dp_Web" name="f" time="2.667"/>
  <testcase classname="new1.Dp_Web" name="login" time="1.448"/>
  <testcase classname="new1.Dp_Web" name="login" time="1.059"/>
  <testcase classname="new1.Dp_Web" name="login" time="1.104"/>
  <testcase classname="new1.Dp_Web" name="login" time="0.474"/>
</testsuite> <!-- Test -->
