<?xml version="1.0" encoding="UTF-8"?>
<testng-results ignored="0" total="5" passed="5" failed="0" skipped="0">
  <reporter-output>
  </reporter-output>
  <suite started-at="2025-10-17T17:26:42 IST" name="Suite" finished-at="2025-10-17T17:26:51 IST" duration-ms="9508">
    <groups>
    </groups>
    <test started-at="2025-10-17T17:26:42 IST" name="Test" finished-at="2025-10-17T17:26:51 IST" duration-ms="9508">
      <class name="new1.Dp_Web">
        <test-method is-config="true" signature="launch(java.lang.String)[pri:0, instance:new1.Dp_Web@38425407]" started-at="2025-10-17T17:26:42 IST" name="launch" finished-at="2025-10-17T17:26:45 IST" duration-ms="2705" status="PASS">
          <params>
            <param index="0">
              <value>
                <![CDATA[chrome]]>
              </value>
            </param>
          </params>
          <reporter-output>
          </reporter-output>
        </test-method> <!-- launch -->
        <test-method signature="f(java.lang.String)[pri:0, instance:new1.Dp_Web@38425407]" started-at="2025-10-17T17:26:45 IST" name="f" finished-at="2025-10-17T17:26:47 IST" duration-ms="2667" status="PASS">
          <params>
            <param index="0">
              <value>
                <![CDATA[https://demo.guru99.com/test/newtours/]]>
              </value>
            </param>
          </params>
          <reporter-output>
          </reporter-output>
        </test-method> <!-- f -->
        <test-method signature="login(java.lang.String,java.lang.String)[pri:0, instance:new1.Dp_Web@38425407]" started-at="2025-10-17T17:26:47 IST" name="login" data-provider="dp2" finished-at="2025-10-17T17:26:49 IST" duration-ms="1448" status="PASS">
          <params>
            <param index="0">
              <value>
                <![CDATA[Hello]]>
              </value>
            </param>
            <param index="1">
              <value>
                <![CDATA[a]]>
              </value>
            </param>
          </params>
          <reporter-output>
          </reporter-output>
        </test-method> <!-- login -->
        <test-method signature="login(java.lang.String,java.lang.String)[pri:0, instance:new1.Dp_Web@38425407]" started-at="2025-10-17T17:26:49 IST" name="login" data-provider="dp2" finished-at="2025-10-17T17:26:50 IST" duration-ms="1059" status="PASS">
          <params>
            <param index="0">
              <value>
                <![CDATA[Hi]]>
              </value>
            </param>
            <param index="1">
              <value>
                <![CDATA[b]]>
              </value>
            </param>
          </params>
          <reporter-output>
          </reporter-output>
        </test-method> <!-- login -->
        <test-method signature="login(java.lang.String,java.lang.String)[pri:0, instance:new1.Dp_Web@38425407]" started-at="2025-10-17T17:26:50 IST" name="login" data-provider="dp2" finished-at="2025-10-17T17:26:51 IST" duration-ms="1104" status="PASS">
          <params>
            <param index="0">
              <value>
                <![CDATA[Who]]>
              </value>
            </param>
            <param index="1">
              <value>
                <![CDATA[c]]>
              </value>
            </param>
          </params>
          <reporter-output>
          </reporter-output>
        </test-method> <!-- login -->
        <test-method signature="login(java.lang.String,java.lang.String)[pri:0, instance:new1.Dp_Web@38425407]" started-at="2025-10-17T17:26:51 IST" name="login" data-provider="dp2" finished-at="2025-10-17T17:26:51 IST" duration-ms="474" status="PASS">
          <params>
            <param index="0">
              <value>
                <![CDATA[mercury]]>
              </value>
            </param>
            <param index="1">
              <value>
                <![CDATA[mercury]]>
              </value>
            </param>
          </params>
          <reporter-output>
          </reporter-output>
        </test-method> <!-- login -->
      </class> <!-- new1.Dp_Web -->
    </test> <!-- Test -->
  </suite> <!-- Suite -->
</testng-results>
